[debug] [2025-02-21T14:34:47.462Z] ----------------------------------------------------------------------
[debug] [2025-02-21T14:34:47.463Z] Command:       /usr/local/share/nvm/versions/node/v20.18.1/bin/node /home/codespace/nvm/current/bin/firebase init
[debug] [2025-02-21T14:34:47.464Z] CLI Version:   13.31.2
[debug] [2025-02-21T14:34:47.464Z] Platform:      linux
[debug] [2025-02-21T14:34:47.464Z] Node Version:  v20.18.1
[debug] [2025-02-21T14:34:47.464Z] Time:          Fri Feb 21 2025 14:34:47 GMT+0000 (Coordinated Universal Time)
[debug] [2025-02-21T14:34:47.464Z] Env Overrides: GITHUB_API_URL, GITHUB_API_URL
[debug] [2025-02-21T14:34:47.464Z] ----------------------------------------------------------------------
[debug] 
[debug] [2025-02-21T14:34:47.468Z] > command requires scopes: ["email","openid","https://www.googleapis.com/auth/cloudplatformprojects.readonly","https://www.googleapis.com/auth/firebase","https://www.googleapis.com/auth/cloud-platform"]
[debug] [2025-02-21T14:34:47.468Z] > authorizing via signed-in user (lana.mesquita@ufc.br)
[info] 
     ######## #### ########  ######## ########     ###     ######  ########
     ##        ##  ##     ## ##       ##     ##  ##   ##  ##       ##
     ######    ##  ########  ######   ########  #########  ######  ######
     ##        ##  ##    ##  ##       ##     ## ##     ##       ## ##
     ##       #### ##     ## ######## ########  ##     ##  ######  ########

You're about to initialize a Firebase project in this directory:

  /workspaces/firebase

Before we get started, keep in mind:

  * You are currently outside your home directory

[info] 
=== Project Setup
[info] 
[info] First, let's associate this project directory with a Firebase project.
[info] You can create multiple project aliases by running firebase use --add, 
[info] but for now we'll just set up a default project.
[info] 
[info] i  If you want to create a project in a Google Cloud organization or folder, please use "firebase projects:create" instead, and return to this command when you've created the project. 
[debug] [2025-02-21T14:36:28.931Z] Checked if tokens are valid: true, expires at: 1740152001888
[debug] [2025-02-21T14:36:28.931Z] Checked if tokens are valid: true, expires at: 1740152001888
[debug] [2025-02-21T14:36:28.933Z] >>> [apiv2][query] POST https://cloudresourcemanager.googleapis.com/v1/projects [none]
[debug] [2025-02-21T14:36:28.933Z] >>> [apiv2][body] POST https://cloudresourcemanager.googleapis.com/v1/projects {"projectId":"testefirebase","name":"testefirebase"}
[debug] [2025-02-21T14:36:29.123Z] <<< [apiv2][status] POST https://cloudresourcemanager.googleapis.com/v1/projects 400
[debug] [2025-02-21T14:36:29.123Z] <<< [apiv2][body] POST https://cloudresourcemanager.googleapis.com/v1/projects {"error":{"code":400,"message":"Cloud Resource Manager project creation is disabled. Contact your administrator to enable this setting in the Google Cloud Platform service in the Google Workspace Admin console. See https://support.google.com/a/answer/9197205 for more information.","status":"FAILED_PRECONDITION","details":[{"@type":"type.googleapis.com/google.rpc.PreconditionFailure","violations":[{"type":"SERVICE","description":"Cloud Resource Manager project creation is disabled. Contact your administrator to enable this setting in the Google Cloud Platform service in the Google Workspace Admin console. See https://support.google.com/a/answer/9197205 for more information."}]}]}}
[debug] [2025-02-21T14:36:29.176Z] FirebaseError: Request to https://cloudresourcemanager.googleapis.com/v1/projects had HTTP Error: 400, Cloud Resource Manager project creation is disabled. Contact your administrator to enable this setting in the Google Cloud Platform service in the Google Workspace Admin console. See https://support.google.com/a/answer/9197205 for more information.
    at responseToError (/usr/local/share/nvm/versions/node/v20.18.1/lib/node_modules/firebase-tools/lib/responseToError.js:52:12)
    at RetryOperation._fn (/usr/local/share/nvm/versions/node/v20.18.1/lib/node_modules/firebase-tools/lib/apiv2.js:312:77)
    at process.processTicksAndRejections (node:internal/process/task_queues:95:5)
[error] 
[error] Error: Failed to create project. See firebase-debug.log for more info.
